<?xml version="1.0" encoding="UTF-8"?>
<!-- Generated by org.testng.reporters.JUnitReportReporter -->
<testsuite hostname="HPLaptop-OSV3G" failures="0" tests="1" name="POM.SPECS.Launch" time="78.240" errors="0" timestamp="2022-11-30T10:00:06 IST" skipped="0">
  <testcase classname="POM.SPECS.Launch" name="launchSite" time="78.240"/>
  <system-out/>
</testsuite> <!-- POM.SPECS.Launch -->
