<?xml version="1.0" encoding="UTF-8"?>
<!-- Generated by org.testng.reporters.JUnitReportReporter -->
<testsuite hostname="HPLaptop-OSV3G" failures="0" tests="1" name="POM.COMMON.common" time="20.267" errors="0" timestamp="2022-11-18T14:17:15 IST" skipped="0">
  <testcase classname="POM.COMMON.common" name="openBrowser" time="20.267"/>
  <system-out/>
</testsuite> <!-- POM.COMMON.common -->
